TN:
SF:db/db.js
FNF:0
FNH:0
DA:1,1
DA:2,1
DA:4,1
DA:10,1
LF:4
LH:4
BRF:0
BRH:0
end_of_record
TN:
SF:db/seed.js
FN:4,seed
FNF:1
FNH:1
FNDA:1,seed
DA:1,1
DA:2,1
DA:6,1
DA:10,1
DA:18,1
DA:27,1
DA:38,1
LF:7
LH:7
BRF:0
BRH:0
end_of_record
TN:
SF:models/board.model.js
FNF:0
FNH:0
DA:1,1
DA:2,1
DA:6,1
DA:35,1
LF:4
LH:4
BRF:0
BRH:0
end_of_record
TN:
SF:models/cheese.model.js
FNF:0
FNH:0
DA:1,1
DA:2,1
DA:6,1
DA:26,1
LF:4
LH:4
BRF:0
BRH:0
end_of_record
TN:
SF:models/index.js
FNF:0
FNH:0
DA:1,1
DA:2,1
DA:3,1
DA:6,1
DA:7,1
DA:10,1
DA:11,1
DA:13,1
LF:8
LH:8
BRF:0
BRH:0
end_of_record
TN:
SF:models/user.model.js
FNF:0
FNH:0
DA:1,1
DA:2,1
DA:6,1
DA:31,1
LF:4
LH:4
BRF:0
BRH:0
end_of_record
